::1 - - [25/Feb/2026:19:03:50 +0300] "GET / HTTP/1.1" 200 81886
::1 - - [25/Feb/2026:19:03:50 +0300] "GET /favicon.ico HTTP/1.1" 404 236
::1 - - [25/Feb/2026:19:04:10 +0300] "-" 408 -
::1 - - [25/Feb/2026:19:08:26 +0300] "GET / HTTP/1.1" 200 411
::1 - - [25/Feb/2026:19:08:26 +0300] "GET /favicon.ico HTTP/1.1" 404 236
::1 - - [25/Feb/2026:19:08:35 +0300] "POST /display.php HTTP/1.1" 200 57
::1 - - [25/Feb/2026:19:08:55 +0300] "-" 408 -
::1 - - [25/Feb/2026:19:09:07 +0300] "GET / HTTP/1.1" 200 408
::1 - - [25/Feb/2026:19:09:07 +0300] "GET /favicon.ico HTTP/1.1" 404 236
::1 - - [25/Feb/2026:19:09:07 +0300] "GET / HTTP/1.1" 200 408
::1 - - [25/Feb/2026:19:09:07 +0300] "GET /favicon.ico HTTP/1.1" 404 236
::1 - - [25/Feb/2026:19:09:27 +0300] "-" 408 -
::1 - - [25/Feb/2026:19:11:54 +0300] "GET / HTTP/1.1" 200 2246
::1 - - [25/Feb/2026:19:11:54 +0300] "GET /style.css HTTP/1.1" 404 236
::1 - - [25/Feb/2026:19:11:54 +0300] "GET /script.js HTTP/1.1" 404 236
::1 - - [25/Feb/2026:19:11:54 +0300] "GET / HTTP/1.1" 200 2246
::1 - - [25/Feb/2026:19:11:54 +0300] "GET /style.css HTTP/1.1" 404 236
::1 - - [25/Feb/2026:19:11:54 +0300] "GET /script.js HTTP/1.1" 404 236
::1 - - [25/Feb/2026:19:11:54 +0300] "GET /favicon.ico HTTP/1.1" 404 236
::1 - - [25/Feb/2026:19:11:55 +0300] "GET / HTTP/1.1" 200 2246
::1 - - [25/Feb/2026:19:11:55 +0300] "GET /style.css HTTP/1.1" 404 236
::1 - - [25/Feb/2026:19:11:55 +0300] "GET /script.js HTTP/1.1" 404 236
::1 - - [25/Feb/2026:19:11:55 +0300] "GET /favicon.ico HTTP/1.1" 404 236
::1 - - [25/Feb/2026:19:11:55 +0300] "GET / HTTP/1.1" 200 2246
::1 - - [25/Feb/2026:19:11:55 +0300] "GET /style.css HTTP/1.1" 404 236
::1 - - [25/Feb/2026:19:11:55 +0300] "GET /script.js HTTP/1.1" 404 236
::1 - - [25/Feb/2026:19:11:55 +0300] "GET /favicon.ico HTTP/1.1" 404 236
::1 - - [25/Feb/2026:19:12:27 +0300] "GET / HTTP/1.1" 200 2247
::1 - - [25/Feb/2026:19:12:27 +0300] "GET /styles.css HTTP/1.1" 404 236
::1 - - [25/Feb/2026:19:12:27 +0300] "GET /script.js HTTP/1.1" 404 236
::1 - - [25/Feb/2026:19:12:27 +0300] "GET /favicon.ico HTTP/1.1" 404 236
::1 - - [25/Feb/2026:19:12:28 +0300] "GET / HTTP/1.1" 200 2247
::1 - - [25/Feb/2026:19:12:28 +0300] "GET /styles.css HTTP/1.1" 404 236
::1 - - [25/Feb/2026:19:12:28 +0300] "GET /script.js HTTP/1.1" 404 236
::1 - - [25/Feb/2026:19:12:28 +0300] "GET /favicon.ico HTTP/1.1" 404 236
::1 - - [25/Feb/2026:19:12:28 +0300] "GET / HTTP/1.1" 200 2247
::1 - - [25/Feb/2026:19:12:28 +0300] "GET /styles.css HTTP/1.1" 404 236
::1 - - [25/Feb/2026:19:12:28 +0300] "GET /script.js HTTP/1.1" 404 236
::1 - - [25/Feb/2026:19:12:28 +0300] "GET /favicon.ico HTTP/1.1" 404 236
::1 - - [25/Feb/2026:19:12:52 +0300] "GET / HTTP/1.1" 200 2288
::1 - - [25/Feb/2026:19:12:52 +0300] "GET /script.js HTTP/1.1" 404 236
::1 - - [25/Feb/2026:19:12:52 +0300] "GET /favicon.ico HTTP/1.1" 404 236
::1 - - [25/Feb/2026:19:12:52 +0300] "GET / HTTP/1.1" 200 2288
::1 - - [25/Feb/2026:19:12:52 +0300] "GET /script.js HTTP/1.1" 404 236
::1 - - [25/Feb/2026:19:12:52 +0300] "GET /favicon.ico HTTP/1.1" 404 236
::1 - - [25/Feb/2026:19:12:52 +0300] "GET / HTTP/1.1" 200 2288
::1 - - [25/Feb/2026:19:12:52 +0300] "GET /script.js HTTP/1.1" 404 236
::1 - - [25/Feb/2026:19:12:52 +0300] "GET /favicon.ico HTTP/1.1" 404 236
::1 - - [25/Feb/2026:19:13:05 +0300] "GET / HTTP/1.1" 200 2252
::1 - - [25/Feb/2026:19:13:05 +0300] "GET /css/styles.css HTTP/1.1" 200 1683
::1 - - [25/Feb/2026:19:13:05 +0300] "GET /script.js HTTP/1.1" 404 236
::1 - - [25/Feb/2026:19:13:05 +0300] "GET /favicon.ico HTTP/1.1" 404 236
::1 - - [25/Feb/2026:19:13:06 +0300] "GET / HTTP/1.1" 200 2252
::1 - - [25/Feb/2026:19:13:06 +0300] "GET /css/styles.css HTTP/1.1" 200 1683
::1 - - [25/Feb/2026:19:13:06 +0300] "GET /script.js HTTP/1.1" 404 236
::1 - - [25/Feb/2026:19:13:06 +0300] "GET /favicon.ico HTTP/1.1" 404 236
::1 - - [25/Feb/2026:19:13:06 +0300] "GET / HTTP/1.1" 200 2252
::1 - - [25/Feb/2026:19:13:06 +0300] "GET /css/styles.css HTTP/1.1" 200 1683
::1 - - [25/Feb/2026:19:13:06 +0300] "GET /script.js HTTP/1.1" 404 236
::1 - - [25/Feb/2026:19:13:06 +0300] "GET /favicon.ico HTTP/1.1" 404 236
::1 - - [25/Feb/2026:19:13:25 +0300] "-" 408 -
::1 - - [25/Feb/2026:19:14:22 +0300] "GET / HTTP/1.1" 200 2252
::1 - - [25/Feb/2026:19:14:22 +0300] "GET /css/styles.css HTTP/1.1" 200 1683
::1 - - [25/Feb/2026:19:14:22 +0300] "GET /script.js HTTP/1.1" 404 236
::1 - - [25/Feb/2026:19:14:22 +0300] "GET /favicon.ico HTTP/1.1" 404 236
::1 - - [25/Feb/2026:19:14:51 +0300] "GET / HTTP/1.1" 200 2256
::1 - - [25/Feb/2026:19:14:51 +0300] "GET /css/styles.css HTTP/1.1" 200 1683
::1 - - [25/Feb/2026:19:14:51 +0300] "GET /js/script.js HTTP/1.1" 200 803
::1 - - [25/Feb/2026:19:14:51 +0300] "GET /favicon.ico HTTP/1.1" 404 236
::1 - - [25/Feb/2026:19:15:11 +0300] "-" 408 -
::1 - - [25/Feb/2026:19:37:14 +0300] "GET / HTTP/1.1" 304 -
::1 - - [25/Feb/2026:19:37:14 +0300] "GET /css/styles.css HTTP/1.1" 304 -
::1 - - [25/Feb/2026:19:37:14 +0300] "GET /js/script.js HTTP/1.1" 304 -
::1 - - [25/Feb/2026:19:37:15 +0300] "GET / HTTP/1.1" 304 -
::1 - - [25/Feb/2026:19:37:34 +0300] "-" 408 -
::1 - - [25/Feb/2026:20:00:37 +0300] "GET / HTTP/1.1" 304 -
::1 - - [25/Feb/2026:20:00:37 +0300] "GET /css/styles.css HTTP/1.1" 304 -
::1 - - [25/Feb/2026:20:00:37 +0300] "GET /js/script.js HTTP/1.1" 304 -
::1 - - [25/Feb/2026:20:00:57 +0300] "-" 408 -
::1 - - [25/Feb/2026:20:34:16 +0300] "GET / HTTP/1.1" 304 -
::1 - - [25/Feb/2026:20:34:16 +0300] "GET /css/styles.css HTTP/1.1" 304 -
::1 - - [25/Feb/2026:20:34:16 +0300] "GET /js/script.js HTTP/1.1" 304 -
::1 - - [25/Feb/2026:20:34:36 +0300] "-" 408 -
::1 - - [25/Feb/2026:21:34:41 +0300] "GET /favicon.ico HTTP/1.1" 404 236
::1 - - [25/Feb/2026:21:34:42 +0300] "GET / HTTP/1.1" 304 -
::1 - - [25/Feb/2026:21:34:42 +0300] "GET /css/styles.css HTTP/1.1" 304 -
::1 - - [25/Feb/2026:21:34:42 +0300] "GET /js/script.js HTTP/1.1" 304 -
::1 - - [25/Feb/2026:21:35:02 +0300] "-" 408 -
::1 - - [25/Feb/2026:21:35:03 +0300] "GET /.well-known/appspecific/com.chrome.devtools.json HTTP/1.1" 404 236
::1 - - [25/Feb/2026:21:35:13 +0300] "GET /.well-known/appspecific/com.chrome.devtools.json HTTP/1.1" 404 236
::1 - - [25/Feb/2026:21:35:42 +0300] "GET / HTTP/1.1" 200 2256
::1 - - [25/Feb/2026:21:35:42 +0300] "GET /.well-known/appspecific/com.chrome.devtools.json HTTP/1.1" 404 236
::1 - - [25/Feb/2026:21:35:42 +0300] "GET /css/styles.css HTTP/1.1" 200 1683
::1 - - [25/Feb/2026:21:35:42 +0300] "GET /js/script.js HTTP/1.1" 200 803
::1 - - [25/Feb/2026:21:35:42 +0300] "GET /favicon.ico HTTP/1.1" 404 236
::1 - - [25/Feb/2026:21:36:02 +0300] "-" 408 -
::1 - - [25/Feb/2026:21:37:43 +0300] "GET / HTTP/1.1" 200 2256
::1 - - [25/Feb/2026:21:37:43 +0300] "GET /.well-known/appspecific/com.chrome.devtools.json HTTP/1.1" 404 236
::1 - - [25/Feb/2026:21:37:43 +0300] "GET /css/styles.css HTTP/1.1" 200 1683
::1 - - [25/Feb/2026:21:37:43 +0300] "GET /js/script.js HTTP/1.1" 200 803
::1 - - [25/Feb/2026:21:37:43 +0300] "GET /favicon.ico HTTP/1.1" 404 236
::1 - - [25/Feb/2026:21:38:03 +0300] "-" 408 -
::1 - - [25/Feb/2026:21:39:02 +0300] "GET /.well-known/appspecific/com.chrome.devtools.json HTTP/1.1" 404 236
::1 - - [25/Feb/2026:23:09:59 +0300] "GET / HTTP/1.1" 304 -
::1 - - [25/Feb/2026:23:09:59 +0300] "GET /css/styles.css HTTP/1.1" 304 -
::1 - - [25/Feb/2026:23:09:59 +0300] "GET /js/script.js HTTP/1.1" 200 803
::1 - - [25/Feb/2026:23:10:19 +0300] "-" 408 -
::1 - - [25/Feb/2026:23:32:19 +0300] "GET / HTTP/1.1" 200 2256
::1 - - [25/Feb/2026:23:32:19 +0300] "GET /css/styles.css HTTP/1.1" 200 1683
::1 - - [25/Feb/2026:23:32:19 +0300] "GET /js/script.js HTTP/1.1" 200 803
::1 - - [25/Feb/2026:23:32:19 +0300] "GET /favicon.ico HTTP/1.1" 404 236
::1 - - [25/Feb/2026:23:32:39 +0300] "-" 408 -
::1 - - [26/Feb/2026:00:09:36 +0300] "GET / HTTP/1.1" 304 -
::1 - - [26/Feb/2026:00:09:36 +0300] "GET /css/styles.css HTTP/1.1" 304 -
::1 - - [26/Feb/2026:00:09:36 +0300] "GET /js/script.js HTTP/1.1" 304 -
::1 - - [26/Feb/2026:00:09:56 +0300] "-" 408 -
::1 - - [26/Feb/2026:18:50:35 +0300] "GET / HTTP/1.1" 304 -
::1 - - [26/Feb/2026:18:50:35 +0300] "GET /css/styles.css HTTP/1.1" 304 -
::1 - - [26/Feb/2026:18:50:35 +0300] "GET /js/script.js HTTP/1.1" 304 -
::1 - - [26/Feb/2026:18:50:35 +0300] "GET /favicon.ico HTTP/1.1" 404 236
::1 - - [26/Feb/2026:18:50:55 +0300] "-" 408 -
::1 - - [26/Feb/2026:18:58:21 +0300] "GET / HTTP/1.1" 200 2256
::1 - - [26/Feb/2026:18:58:21 +0300] "GET /css/styles.css HTTP/1.1" 200 1683
::1 - - [26/Feb/2026:18:58:21 +0300] "GET /js/script.js HTTP/1.1" 200 803
::1 - - [26/Feb/2026:18:58:21 +0300] "GET /favicon.ico HTTP/1.1" 404 236
::1 - - [26/Feb/2026:18:58:21 +0300] "GET / HTTP/1.1" 200 2256
::1 - - [26/Feb/2026:18:58:21 +0300] "GET /css/styles.css HTTP/1.1" 200 1683
::1 - - [26/Feb/2026:18:58:21 +0300] "GET /js/script.js HTTP/1.1" 200 803
::1 - - [26/Feb/2026:18:58:21 +0300] "GET /favicon.ico HTTP/1.1" 404 236
::1 - - [26/Feb/2026:18:58:41 +0300] "-" 408 -
::1 - - [26/Feb/2026:18:59:54 +0300] "GET / HTTP/1.1" 200 2256
::1 - - [26/Feb/2026:18:59:54 +0300] "GET /css/styles.css HTTP/1.1" 200 1683
::1 - - [26/Feb/2026:18:59:54 +0300] "GET /js/script.js HTTP/1.1" 200 803
::1 - - [26/Feb/2026:18:59:55 +0300] "GET /favicon.ico HTTP/1.1" 404 236
::1 - - [26/Feb/2026:19:02:44 +0300] "GET / HTTP/1.1" 200 2256
::1 - - [26/Feb/2026:19:02:44 +0300] "GET /css/styles.css HTTP/1.1" 200 1683
::1 - - [26/Feb/2026:19:02:44 +0300] "GET /js/script.js HTTP/1.1" 200 803
::1 - - [26/Feb/2026:19:02:44 +0300] "GET /favicon.ico HTTP/1.1" 404 236
::1 - - [26/Feb/2026:19:02:44 +0300] "GET / HTTP/1.1" 200 2256
::1 - - [26/Feb/2026:19:02:44 +0300] "GET /css/styles.css HTTP/1.1" 200 1683
::1 - - [26/Feb/2026:19:02:44 +0300] "GET /js/script.js HTTP/1.1" 200 803
::1 - - [26/Feb/2026:19:02:44 +0300] "GET /favicon.ico HTTP/1.1" 404 236
::1 - - [26/Feb/2026:19:02:56 +0300] "GET /.well-known/appspecific/com.chrome.devtools.json HTTP/1.1" 404 236
::1 - - [26/Feb/2026:19:04:00 +0300] "GET / HTTP/1.1" 200 2256
::1 - - [26/Feb/2026:19:04:00 +0300] "GET /css/styles.css HTTP/1.1" 200 1683
::1 - - [26/Feb/2026:19:04:00 +0300] "GET /js/script.js HTTP/1.1" 200 803
::1 - - [26/Feb/2026:19:04:00 +0300] "GET /favicon.ico HTTP/1.1" 404 236
::1 - - [26/Feb/2026:19:04:01 +0300] "GET / HTTP/1.1" 200 2256
::1 - - [26/Feb/2026:19:04:01 +0300] "GET /css/styles.css HTTP/1.1" 200 1683
::1 - - [26/Feb/2026:19:04:01 +0300] "GET /js/script.js HTTP/1.1" 200 803
::1 - - [26/Feb/2026:19:04:01 +0300] "GET /favicon.ico HTTP/1.1" 404 236
::1 - - [26/Feb/2026:19:04:03 +0300] "GET / HTTP/1.1" 304 -
::1 - - [26/Feb/2026:19:04:05 +0300] "GET /favicon.ico HTTP/1.1" 404 236
::1 - - [26/Feb/2026:19:04:06 +0300] "GET /abot HTTP/1.1" 404 236
::1 - - [26/Feb/2026:19:04:08 +0300] "GET /about HTTP/1.1" 404 236
::1 - - [26/Feb/2026:19:04:18 +0300] "GET /pet/5 HTTP/1.1" 404 236
::1 - - [26/Feb/2026:19:04:38 +0300] "-" 408 -
::1 - - [28/Feb/2026:19:22:46 +0300] "GET / HTTP/1.1" 200 2256
::1 - - [28/Feb/2026:19:22:46 +0300] "GET /css/styles.css HTTP/1.1" 200 1683
::1 - - [28/Feb/2026:19:22:46 +0300] "GET /favicon.ico HTTP/1.1" 404 236
::1 - - [28/Feb/2026:19:22:46 +0300] "GET /js/script.js HTTP/1.1" 200 823
::1 - - [28/Feb/2026:19:22:47 +0300] "GET /favicon.ico HTTP/1.1" 404 236
::1 - - [28/Feb/2026:19:23:06 +0300] "-" 408 -
::1 - - [28/Feb/2026:19:25:36 +0300] "GET / HTTP/1.1" 200 2256
::1 - - [28/Feb/2026:19:25:36 +0300] "GET /css/styles.css HTTP/1.1" 200 1809
::1 - - [28/Feb/2026:19:25:36 +0300] "GET /js/script.js HTTP/1.1" 200 823
::1 - - [28/Feb/2026:19:25:36 +0300] "GET /favicon.ico HTTP/1.1" 404 236
::1 - - [28/Feb/2026:19:25:56 +0300] "-" 408 -
::1 - - [28/Feb/2026:19:26:54 +0300] "GET / HTTP/1.1" 200 2256
::1 - - [28/Feb/2026:19:26:54 +0300] "GET /css/styles.css HTTP/1.1" 200 1809
::1 - - [28/Feb/2026:19:26:54 +0300] "GET /js/script.js HTTP/1.1" 200 823
::1 - - [28/Feb/2026:19:26:54 +0300] "GET /favicon.ico HTTP/1.1" 404 236
::1 - - [28/Feb/2026:19:27:14 +0300] "-" 408 -
::1 - - [28/Feb/2026:19:28:30 +0300] "GET / HTTP/1.1" 200 2256
::1 - - [28/Feb/2026:19:28:30 +0300] "GET /css/styles.css HTTP/1.1" 200 1809
::1 - - [28/Feb/2026:19:28:30 +0300] "GET /js/script.js HTTP/1.1" 200 823
::1 - - [28/Feb/2026:19:28:30 +0300] "GET /favicon.ico HTTP/1.1" 404 236
::1 - - [28/Feb/2026:19:28:50 +0300] "-" 408 -
